[debug] [2020-07-14T19:23:15.161Z] ----------------------------------------------------------------------
[debug] [2020-07-14T19:23:15.163Z] Command:       C:\Program Files\nodejs\node.exe C:\Users\Ameya_2\AppData\Roaming\npm\node_modules\firebase-tools\lib\bin\firebase.js init
[debug] [2020-07-14T19:23:15.164Z] CLI Version:   8.4.3
[debug] [2020-07-14T19:23:15.164Z] Platform:      win32
[debug] [2020-07-14T19:23:15.164Z] Node Version:  v12.18.0
[debug] [2020-07-14T19:23:15.165Z] Time:          Tue Jul 14 2020 12:23:15 GMT-0700 (Pacific Daylight Time)
[debug] [2020-07-14T19:23:15.166Z] ----------------------------------------------------------------------
[debug] [2020-07-14T19:23:15.166Z] 
[debug] [2020-07-14T19:23:15.180Z] > command requires scopes: ["email","openid","https://www.googleapis.com/auth/cloudplatformprojects.readonly","https://www.googleapis.com/auth/firebase","https://www.googleapis.com/auth/cloud-platform"]
[debug] [2020-07-14T19:23:15.181Z] > authorizing via signed-in user
[info] 
     ######## #### ########  ######## ########     ###     ######  ########
     ##        ##  ##     ## ##       ##     ##  ##   ##  ##       ##
     ######    ##  ########  ######   ########  #########  ######  ######
     ##        ##  ##    ##  ##       ##     ## ##     ##       ## ##
     ##       #### ##     ## ######## ########  ##     ##  ######  ########

You're about to initialize a Firebase project in this directory:

  C:\Users\Ameya_2\ECommerceSite

Before we get started, keep in mind:

  * You are initializing in an existing Firebase project directory

